[0mGET /products [36m304[0m 127.943 ms - -[0m
[0mGET /css/bootstrap.min.css [36m304[0m 9.420 ms - -[0m
[0mGET /css/styles.css [36m304[0m 156.189 ms - -[0m
[0mGET /js/bootstrap.min.js [36m304[0m 0.976 ms - -[0m
[0mGET /fonts/glyphicons-halflings-regular.woff [33m404[0m 54.323 ms - 178[0m
[0mGET /fonts/glyphicons-halflings-regular.ttf [33m404[0m 6.962 ms - 177[0m
[0mGET /category [32m200[0m 17.632 ms - 8235[0m
[0mGET /css/bootstrap.min.css [36m304[0m 2.503 ms - -[0m
[0mGET /css/styles.css [36m304[0m 2.906 ms - -[0m
[0mGET /js/bootstrap.min.js [36m304[0m 2.573 ms - -[0m
[0mGET /fonts/glyphicons-halflings-regular.woff [33m404[0m 8.142 ms - 178[0m
[0mGET /fonts/glyphicons-halflings-regular.ttf [33m404[0m 2.968 ms - 177[0m
[0mGET /products/list/1 [32m200[0m 26.970 ms - 40982[0m
[0mGET /css/bootstrap.min.css [36m304[0m 63.971 ms - -[0m
[0mGET /css/styles.css [36m304[0m 47.460 ms - -[0m
[0mGET /products/list/js/bootstrap.min.js [33m404[0m 107.072 ms - 172[0m
[0mGET /fonts/glyphicons-halflings-regular.woff [33m404[0m 1.769 ms - 178[0m
[0mGET /fonts/glyphicons-halflings-regular.ttf [33m404[0m 1.235 ms - 177[0m
[0mGET /products/details/64c139811281e555e3378037 [32m200[0m 17.606 ms - 5609[0m
[0mGET /css/bootstrap.min.css [36m304[0m 2.147 ms - -[0m
[0mGET /css/styles.css [36m304[0m 19.779 ms - -[0m
[0mGET /products/details/js/bootstrap.min.js [33m404[0m 1.410 ms - 175[0m
[0mGET /fonts/glyphicons-halflings-regular.woff [33m404[0m 6.530 ms - 178[0m
[0mGET /fonts/glyphicons-halflings-regular.ttf [33m404[0m 0.898 ms - 177[0m
[0mGET /producto [33m404[0m 8.096 ms - 147[0m
